Arguments: 
  C:\Program Files\nodejs\node.exe C:\Users\rezaee-moha\AppData\Roaming\npm\node_modules\yarn\bin\yarn.js build

PATH: 
  C:\Program Files (x86)\Intel\iCLS Client\;C:\Program Files\Intel\iCLS Client\;C:\Windows\system32;C:\Windows;C:\Windows\System32\Wbem;C:\Windows\System32\WindowsPowerShell\v1.0\;C:\Windows\System32\OpenSSH\;C:\Program Files\Intel\Intel(R) Management Engine Components\DAL;C:\Program Files\Intel\Intel(R) Management Engine Components\IPT;C:\Program Files (x86)\Intel\Intel(R) Management Engine Components\DAL;C:\Program Files (x86)\Intel\Intel(R) Management Engine Components\IPT;C:\Program Files (x86)\ATI Technologies\ATI.ACE\Core-Static;C:\Program Files (x86)\AMD\ATI.ACE\Core-Static;C:\Program Files (x86)\Sennheiser\SenncomSDK\;C:\Program Files (x86)\NVIDIA Corporation\PhysX\Common;C:\Program Files (x86)\dotnet\;C:\Program Files\Git\cmd;c:\program files\mongodb\server\5.0\bin;C:\xampp\php;C:\ProgramData\ComposerSetup\bin;C:\Program Files\nodejs\;C:\Users\rezaee-moha\AppData\Local\Microsoft\WindowsApps;;C:\Users\rezaee-moha\AppData\Local\Programs\Microsoft VS Code\bin;C:\Users\rezaee-moha\AppData\Roaming\Composer\vendor\bin;C:\Users\rezaee-moha\AppData\Roaming\npm

Yarn version: 
  1.22.19

Node version: 
  16.18.0

Platform: 
  win32 x64

Trace: 
  SyntaxError: F:\projects\react-senior\package.json: Unexpected end of JSON input
      at JSON.parse (<anonymous>)
      at C:\Users\rezaee-moha\AppData\Roaming\npm\node_modules\yarn\lib\cli.js:1629:59
      at Generator.next (<anonymous>)
      at step (C:\Users\rezaee-moha\AppData\Roaming\npm\node_modules\yarn\lib\cli.js:310:30)
      at C:\Users\rezaee-moha\AppData\Roaming\npm\node_modules\yarn\lib\cli.js:321:13

npm manifest: 
  {
    "name": "react-senior",
    "version": "1.0.0",
    "description": "",
    "main": "index.js",
    "scripts": {
      "build": "yarn lerna run build"
    },
    "keywords": [],
    "author": "",
    "license": "ISC",
    "dependencies": {
      "lerna": "^6.5.1"
    },
    "private": true,
    "workspaces": {
      "packages": [
        "packages/*"
      ]
    
  }

yarn manifest: 
  No manifest

Lockfile: 
  No lockfile
